2025-09-08 09:26:47,026 [INFO] Activator:176 - 


2025-09-08 09:26:47,034 [INFO] Activator:177 - !SESSION log4j initialized
2025-09-08 09:26:55,294 [INFO] LogOutputStream:77 - [STDOUT_REDIRECT] 
2025-09-08 09:26:58,318 [INFO] ApplicationProperties:184 - Using Application install path: C:\ST\STM32CubeIDE_1.14.0\STM32CubeIDE\plugins\com.st.stm32cube.common.mx_6.10.0.202311202037
2025-09-08 09:26:58,344 [INFO] DbMcusXml:78 - Set database path to: C:\ST\STM32CubeIDE_1.14.0\STM32CubeIDE\plugins\com.st.stm32cube.common.mx_6.10.0.202311202037\\db\/mcu/
2025-09-08 09:26:58,344 [INFO] ApiDb:274 - Set plugin database path to: C:\ST\STM32CubeIDE_1.14.0\STM32CubeIDE\plugins\com.st.stm32cube.common.mx_6.10.0.202311202037\\db\/plugins/boardmanager/
2025-09-08 09:26:58,345 [WARN] ApiDb:259 - Overriding images path with different value:  => C:\ST\STM32CubeIDE_1.14.0\STM32CubeIDE\plugins\com.st.stm32cube.common.mx_6.10.0.202311202037\\db\/plugins/mcufinder/images/
2025-09-08 09:26:58,368 [INFO] ApiDb:250 - Set database path to: C:\Users\sfkfa\.stmcufinder\plugins\mcufinder//mcu/
2025-09-08 09:26:58,370 [INFO] DbMcusAds:125 - Set database path to: C:\Users\sfkfa\.stmcufinder\plugins\mcufinder//mcu/
2025-09-08 09:26:58,373 [INFO] CrossReferenceDbSqlite:203 - Set database path to: C:\Users\sfkfa\.stmcufinder\plugins\mcufinder//mcu/cs/
2025-09-08 09:26:58,555 [INFO] RulesReader:64 - Compatibility file has been processed (297 Rules)
2025-09-08 09:26:58,730 [INFO] DbMcusXml:78 - Set database path to: C:\ST\STM32CubeIDE_1.14.0\STM32CubeIDE\plugins\com.st.stm32cube.common.mx_6.10.0.202311202037\\db\/mcu/
2025-09-08 09:26:58,730 [INFO] ApiDb:274 - Set plugin database path to: C:\ST\STM32CubeIDE_1.14.0\STM32CubeIDE\plugins\com.st.stm32cube.common.mx_6.10.0.202311202037\\db\/plugins/boardmanager/
2025-09-08 09:26:58,730 [INFO] ApiDb:261 - Set plugin images path to: C:\ST\STM32CubeIDE_1.14.0\STM32CubeIDE\plugins\com.st.stm32cube.common.mx_6.10.0.202311202037\\db\/plugins/mcufinder/images/
2025-09-08 09:26:58,730 [WARN] DbFile:41 - Overriding database path with different value: C:\Users\sfkfa\.stmcufinder\plugins\mcufinder/ => C:\Users\sfkfa\.stmcufinder\plugins\mcufinder
2025-09-08 09:26:58,730 [INFO] ApiDb:250 - Set database path to: C:\Users\sfkfa\.stmcufinder\plugins\mcufinder//mcu/
2025-09-08 09:26:58,730 [WARN] DbFile:41 - Overriding database path with different value: C:\Users\sfkfa\.stmcufinder\plugins\mcufinder/ => C:\Users\sfkfa\.stmcufinder\plugins\mcufinder
2025-09-08 09:26:58,730 [INFO] DbMcusAds:125 - Set database path to: C:\Users\sfkfa\.stmcufinder\plugins\mcufinder//mcu/
2025-09-08 09:26:58,730 [WARN] DbFile:41 - Overriding database path with different value: C:\Users\sfkfa\.stmcufinder\plugins\mcufinder/ => C:\Users\sfkfa\.stmcufinder\plugins\mcufinder
2025-09-08 09:26:58,731 [WARN] DbFile:41 - Overriding database path with different value: C:\Users\sfkfa\.stmcufinder\plugins\mcufinder/ => C:\Users\sfkfa\.stmcufinder\plugins\mcufinder
2025-09-08 09:26:58,731 [INFO] CrossReferenceDbSqlite:203 - Set database path to: C:\Users\sfkfa\.stmcufinder\plugins\mcufinder//mcu/cs/
2025-09-08 09:26:58,841 [INFO] MainPanel:264 - HeapMemory: 268435456
2025-09-08 09:26:58,981 [INFO] DbMcusXml:78 - Set database path to: C:\ST\STM32CubeIDE_1.14.0\STM32CubeIDE\plugins\com.st.stm32cube.common.mx_6.10.0.202311202037\\db\/mcu/
2025-09-08 09:26:58,981 [INFO] ApiDb:274 - Set plugin database path to: C:\ST\STM32CubeIDE_1.14.0\STM32CubeIDE\plugins\com.st.stm32cube.common.mx_6.10.0.202311202037\\db\/plugins/boardmanager/
2025-09-08 09:26:58,981 [INFO] ApiDb:261 - Set plugin images path to: C:\ST\STM32CubeIDE_1.14.0\STM32CubeIDE\plugins\com.st.stm32cube.common.mx_6.10.0.202311202037\\db\/plugins/mcufinder/images/
2025-09-08 09:26:58,982 [WARN] DbFile:41 - Overriding database path with different value: C:\Users\sfkfa\.stmcufinder\plugins\mcufinder/ => C:\Users\sfkfa\.stmcufinder\plugins\mcufinder
2025-09-08 09:26:58,982 [INFO] ApiDb:250 - Set database path to: C:\Users\sfkfa\.stmcufinder\plugins\mcufinder//mcu/
2025-09-08 09:26:58,982 [WARN] DbFile:41 - Overriding database path with different value: C:\Users\sfkfa\.stmcufinder\plugins\mcufinder/ => C:\Users\sfkfa\.stmcufinder\plugins\mcufinder
2025-09-08 09:26:58,982 [INFO] DbMcusAds:125 - Set database path to: C:\Users\sfkfa\.stmcufinder\plugins\mcufinder//mcu/
2025-09-08 09:26:58,982 [WARN] DbFile:41 - Overriding database path with different value: C:\Users\sfkfa\.stmcufinder\plugins\mcufinder/ => C:\Users\sfkfa\.stmcufinder\plugins\mcufinder
2025-09-08 09:26:58,983 [WARN] DbFile:41 - Overriding database path with different value: C:\Users\sfkfa\.stmcufinder\plugins\mcufinder/ => C:\Users\sfkfa\.stmcufinder\plugins\mcufinder
2025-09-08 09:26:58,983 [INFO] CrossReferenceDbSqlite:203 - Set database path to: C:\Users\sfkfa\.stmcufinder\plugins\mcufinder//mcu/cs/
2025-09-08 09:26:59,012 [INFO] ApplicationProperties:184 - Using Application install path: C:\ST\STM32CubeIDE_1.14.0\STM32CubeIDE\plugins\com.st.stm32cube.common.mx_6.10.0.202311202037
2025-09-08 09:26:59,014 [INFO] PluginManage:196 - Search for loadable plugins [exclusion list=, ]
2025-09-08 09:26:59,018 [INFO] PluginManage:310 - Check plugin analytics
2025-09-08 09:26:59,255 [INFO] AnalyticsPlugin:253 - Accepted Software Licenses: 
2025-09-08 09:26:59,255 [INFO] AnalyticsPlugin:255 - Accepted CMSIS Pack Licenses: 
2025-09-08 09:26:59,255 [INFO] AnalyticsPlugin:257 - Accepted Firmware Licenses: FW.F4.1.28.0,FW.L4.1.18.0
2025-09-08 09:26:59,259 [INFO] PluginManage:359 - Loaded plugin analytics (category:tool,tabindex:-1)
2025-09-08 09:26:59,260 [INFO] PluginManage:310 - Check plugin cadmodel
2025-09-08 09:26:59,287 [INFO] CADModel:105 - Init CAD model plugin
2025-09-08 09:26:59,288 [INFO] PluginManage:359 - Loaded plugin cadmodel (category:power,tabindex:5)
2025-09-08 09:26:59,288 [INFO] PluginManage:310 - Check plugin clock
2025-09-08 09:26:59,321 [INFO] PluginManage:359 - Loaded plugin clock (category:base,tabindex:2)
2025-09-08 09:26:59,322 [INFO] PluginManage:310 - Check plugin ddr
2025-09-08 09:26:59,325 [INFO] PluginManage:359 - Loaded plugin ddr (category:tool,tabindex:6)
2025-09-08 09:26:59,326 [INFO] PluginManage:310 - Check plugin filemanager
2025-09-08 09:26:59,515 [INFO] PluginManage:359 - Loaded plugin filemanager (category:base,tabindex:10)
2025-09-08 09:26:59,515 [INFO] PluginManage:310 - Check plugin ipmanager
2025-09-08 09:26:59,528 [INFO] PluginManage:359 - Loaded plugin ipmanager (category:base,tabindex:5)
2025-09-08 09:26:59,528 [INFO] PluginManage:310 - Check plugin lpbam
2025-09-08 09:26:59,553 [INFO] PluginManage:359 - Loaded plugin lpbam (category:base,tabindex:0)
2025-09-08 09:26:59,553 [INFO] PluginManage:310 - Check plugin memorymap
2025-09-08 09:26:59,584 [INFO] PluginManage:359 - Loaded plugin memorymap (category:base,tabindex:4)
2025-09-08 09:26:59,585 [INFO] PluginManage:310 - Check plugin pinoutandconfiguration
2025-09-08 09:26:59,608 [INFO] PluginManage:359 - Loaded plugin pinoutandconfiguration (category:base,tabindex:1)
2025-09-08 09:26:59,608 [INFO] PluginManage:310 - Check plugin pinoutconfig
2025-09-08 09:26:59,732 [WARN] SupportedApi:132 - Cannot load RTOS API schema: s4s-elt-must-match.1: The content of 'definitions' must match (annotation?, (simpleType | complexType)?, (unique | key | keyref)*)). A problem was found starting at: attribute.
2025-09-08 09:26:59,898 [INFO] PluginManage:359 - Loaded plugin pinoutconfig (category:base,tabindex:0)
2025-09-08 09:26:59,899 [INFO] PluginManage:310 - Check plugin power
2025-09-08 09:26:59,928 [INFO] PluginManage:359 - Loaded plugin power (category:power,tabindex:4)
2025-09-08 09:26:59,928 [INFO] PluginManage:310 - Check plugin projectmanager
2025-09-08 09:26:59,948 [INFO] PluginManage:359 - Loaded plugin projectmanager (category:projectmanager,tabindex:3)
2025-09-08 09:26:59,948 [INFO] PluginManage:310 - Check plugin thirdparty
2025-09-08 09:27:00,342 [INFO] PluginManage:359 - Loaded plugin thirdparty (category:base,tabindex:-1)
2025-09-08 09:27:00,343 [INFO] PluginManage:310 - Check plugin tools
2025-09-08 09:27:00,343 [WARN] IntegrityCheckThread:84 - waiting for thirdparty lock release [integrity check]
2025-09-08 09:27:00,343 [INFO] IntegrityCheckThread:86 - entering critical section [integrity check]
2025-09-08 09:27:00,343 [INFO] ThirdPartyUpdaterWithRetryManager:70 - Updater plugin not ready yet. [1/15]
2025-09-08 09:27:00,395 [INFO] PluginManage:359 - Loaded plugin tools (category:base,tabindex:7)
2025-09-08 09:27:00,395 [INFO] PluginManage:310 - Check plugin tutovideos
2025-09-08 09:27:00,639 [INFO] PluginManage:359 - Loaded plugin tutovideos (category:base,tabindex:-1)
2025-09-08 09:27:00,639 [INFO] PluginManage:310 - Check plugin updater
2025-09-08 09:27:00,658 [INFO] PluginManage:359 - Loaded plugin updater (category:base,tabindex:12)
2025-09-08 09:27:00,658 [INFO] PluginManage:310 - Check plugin userauth
2025-09-08 09:27:00,666 [INFO] UserAuth:114 - Init User Auth plugin
2025-09-08 09:27:00,666 [INFO] PluginManage:359 - Loaded plugin userauth (category:base,tabindex:14)
2025-09-08 09:27:00,666 [INFO] PluginManage:283 - PluginManage : Loaded plugins [17]
2025-09-08 09:27:00,967 [INFO] PinOutPanel:1499 - setPackage(No Configuration,No Configuration)
2025-09-08 09:27:01,083 [INFO] CADModel:165 - CPN selected for project level
2025-09-08 09:27:01,084 [INFO] CADModel:114 - Register for checkConnection events
2025-09-08 09:27:01,125 [INFO] IPUIPlugin:80 - create IPUIPlugin
2025-09-08 09:27:01,125 [INFO] PluginManager:220 - loadIPPluginJar : add adc
2025-09-08 09:27:01,175 [INFO] IPUIPlugin:80 - create IPUIPlugin
2025-09-08 09:27:01,175 [INFO] PluginManager:220 - loadIPPluginJar : add aes
2025-09-08 09:27:01,234 [INFO] IPUIPlugin:80 - create IPUIPlugin
2025-09-08 09:27:01,234 [INFO] PluginManager:220 - loadIPPluginJar : add can
2025-09-08 09:27:01,269 [INFO] IPUIPlugin:80 - create IPUIPlugin
2025-09-08 09:27:01,270 [INFO] PluginManager:220 - loadIPPluginJar : add comp
2025-09-08 09:27:01,316 [INFO] IPUIPlugin:80 - create IPUIPlugin
2025-09-08 09:27:01,316 [INFO] PluginManager:220 - loadIPPluginJar : add cryp
2025-09-08 09:27:01,360 [INFO] IPUIPlugin:80 - create IPUIPlugin
2025-09-08 09:27:01,360 [INFO] PluginManager:220 - loadIPPluginJar : add dfsdm
2025-09-08 09:27:01,379 [INFO] IPUIPlugin:80 - create IPUIPlugin
2025-09-08 09:27:01,379 [INFO] PluginManager:220 - loadIPPluginJar : add dma
2025-09-08 09:27:01,444 [INFO] IPUIPlugin:80 - create IPUIPlugin
2025-09-08 09:27:01,444 [INFO] PluginManager:220 - loadIPPluginJar : add dma3
2025-09-08 09:27:01,477 [INFO] IPUIPlugin:80 - create IPUIPlugin
2025-09-08 09:27:01,477 [INFO] PluginManager:220 - loadIPPluginJar : add fatfs
2025-09-08 09:27:01,539 [INFO] IPUIPlugin:80 - create IPUIPlugin
2025-09-08 09:27:01,539 [INFO] PluginManager:220 - loadIPPluginJar : add fmc
2025-09-08 09:27:01,561 [INFO] IPUIPlugin:80 - create IPUIPlugin
2025-09-08 09:27:01,561 [INFO] PluginManager:220 - loadIPPluginJar : add freertos
2025-09-08 09:27:01,592 [INFO] IPUIPlugin:80 - create IPUIPlugin
2025-09-08 09:27:01,592 [INFO] PluginManager:220 - loadIPPluginJar : add genericplugin
2025-09-08 09:27:01,722 [INFO] IPUIPlugin:80 - create IPUIPlugin
2025-09-08 09:27:01,722 [INFO] PluginManager:220 - loadIPPluginJar : add gfxmmu
2025-09-08 09:27:01,903 [INFO] IPUIPlugin:80 - create IPUIPlugin
2025-09-08 09:27:01,903 [INFO] PluginManager:220 - loadIPPluginJar : add gic
2025-09-08 09:27:01,920 [INFO] IPUIPlugin:80 - create IPUIPlugin
2025-09-08 09:27:01,921 [INFO] PluginManager:220 - loadIPPluginJar : add gpio
2025-09-08 09:27:02,039 [INFO] IPUIPlugin:80 - create IPUIPlugin
2025-09-08 09:27:02,039 [INFO] PluginManager:220 - loadIPPluginJar : add gtzc
2025-09-08 09:27:02,086 [INFO] IPUIPlugin:80 - create IPUIPlugin
2025-09-08 09:27:02,086 [INFO] PluginManager:220 - loadIPPluginJar : add hash
2025-09-08 09:27:02,164 [INFO] IPUIPlugin:80 - create IPUIPlugin
2025-09-08 09:27:02,164 [INFO] PluginManager:220 - loadIPPluginJar : add i2c
2025-09-08 09:27:02,219 [INFO] IPUIPlugin:80 - create IPUIPlugin
2025-09-08 09:27:02,220 [INFO] PluginManager:220 - loadIPPluginJar : add i2s
2025-09-08 09:27:02,278 [INFO] IPUIPlugin:80 - create IPUIPlugin
2025-09-08 09:27:02,279 [INFO] PluginManager:220 - loadIPPluginJar : add i3c
2025-09-08 09:27:02,403 [INFO] IPUIPlugin:80 - create IPUIPlugin
2025-09-08 09:27:02,403 [INFO] PluginManager:220 - loadIPPluginJar : add ipddr
2025-09-08 09:27:02,529 [INFO] IPUIPlugin:80 - create IPUIPlugin
2025-09-08 09:27:02,529 [INFO] PluginManager:220 - loadIPPluginJar : add linkedlist
2025-09-08 09:27:02,581 [INFO] IPUIPlugin:80 - create IPUIPlugin
2025-09-08 09:27:02,581 [INFO] PluginManager:220 - loadIPPluginJar : add lorawan
2025-09-08 09:27:02,635 [INFO] IPUIPlugin:80 - create IPUIPlugin
2025-09-08 09:27:02,635 [INFO] PluginManager:220 - loadIPPluginJar : add ltdc
2025-09-08 09:27:02,654 [INFO] IPUIPlugin:80 - create IPUIPlugin
2025-09-08 09:27:02,654 [INFO] PluginManager:220 - loadIPPluginJar : add mdma
2025-09-08 09:27:02,671 [INFO] IPUIPlugin:80 - create IPUIPlugin
2025-09-08 09:27:02,672 [INFO] PluginManager:220 - loadIPPluginJar : add nvic
2025-09-08 09:27:02,726 [INFO] IPUIPlugin:80 - create IPUIPlugin
2025-09-08 09:27:02,726 [INFO] PluginManager:220 - loadIPPluginJar : add opamp
2025-09-08 09:27:02,815 [INFO] IPUIPlugin:80 - create IPUIPlugin
2025-09-08 09:27:02,815 [INFO] PluginManager:220 - loadIPPluginJar : add openamp
2025-09-08 09:27:02,879 [INFO] IPUIPlugin:80 - create IPUIPlugin
2025-09-08 09:27:02,879 [INFO] PluginManager:220 - loadIPPluginJar : add pdm2pcm
2025-09-08 09:27:02,900 [INFO] IPUIPlugin:80 - create IPUIPlugin
2025-09-08 09:27:02,903 [INFO] PluginManager:220 - loadIPPluginJar : add plateformsettings
2025-09-08 09:27:02,938 [INFO] IPUIPlugin:80 - create IPUIPlugin
2025-09-08 09:27:02,938 [INFO] PluginManager:220 - loadIPPluginJar : add quadspi
2025-09-08 09:27:02,956 [INFO] IPUIPlugin:80 - create IPUIPlugin
2025-09-08 09:27:02,956 [INFO] PluginManager:220 - loadIPPluginJar : add resmgrutility
2025-09-08 09:27:03,020 [INFO] IPUIPlugin:80 - create IPUIPlugin
2025-09-08 09:27:03,020 [INFO] PluginManager:220 - loadIPPluginJar : add sai
2025-09-08 09:27:03,072 [INFO] IPUIPlugin:80 - create IPUIPlugin
2025-09-08 09:27:03,072 [INFO] PluginManager:220 - loadIPPluginJar : add spi
2025-09-08 09:27:03,158 [INFO] IPUIPlugin:80 - create IPUIPlugin
2025-09-08 09:27:03,158 [INFO] PluginManager:220 - loadIPPluginJar : add stm32_wpan
2025-09-08 09:27:03,193 [INFO] IPUIPlugin:80 - create IPUIPlugin
2025-09-08 09:27:03,193 [INFO] PluginManager:220 - loadIPPluginJar : add tim
2025-09-08 09:27:03,281 [INFO] IPUIPlugin:80 - create IPUIPlugin
2025-09-08 09:27:03,281 [INFO] PluginManager:220 - loadIPPluginJar : add touchsensing
2025-09-08 09:27:03,314 [INFO] IPUIPlugin:80 - create IPUIPlugin
2025-09-08 09:27:03,314 [INFO] PluginManager:220 - loadIPPluginJar : add tracer_emb
2025-09-08 09:27:03,346 [INFO] ThirdPartyUpdaterWithRetryManager:70 - Updater plugin not ready yet. [2/15]
2025-09-08 09:27:03,349 [INFO] IPUIPlugin:80 - create IPUIPlugin
2025-09-08 09:27:03,349 [INFO] PluginManager:220 - loadIPPluginJar : add ts
2025-09-08 09:27:03,384 [INFO] IPUIPlugin:80 - create IPUIPlugin
2025-09-08 09:27:03,385 [INFO] PluginManager:220 - loadIPPluginJar : add tsc
2025-09-08 09:27:03,417 [INFO] IPUIPlugin:80 - create IPUIPlugin
2025-09-08 09:27:03,418 [INFO] PluginManager:220 - loadIPPluginJar : add ucpd
2025-09-08 09:27:03,479 [INFO] IPUIPlugin:80 - create IPUIPlugin
2025-09-08 09:27:03,479 [INFO] PluginManager:220 - loadIPPluginJar : add usart
2025-09-08 09:27:03,536 [INFO] IPUIPlugin:80 - create IPUIPlugin
2025-09-08 09:27:03,537 [INFO] PluginManager:220 - loadIPPluginJar : add usbx
2025-09-08 09:27:03,681 [INFO] CADModel:165 - CPN selected for project level
2025-09-08 09:27:03,681 [INFO] CADModel:114 - Register for checkConnection events
2025-09-08 09:27:03,681 [FATAL] Updater:308 - Updater called before beeing initialized
2025-09-08 09:27:03,681 [ERROR] CADModel:125 - Updater not yet initialized, retry later 
2025-09-08 09:27:03,879 [INFO] CADModel:165 - CPN selected for project level
2025-09-08 09:27:03,879 [INFO] CADModel:114 - Register for checkConnection events
2025-09-08 09:27:03,880 [FATAL] Updater:308 - Updater called before beeing initialized
2025-09-08 09:27:03,880 [ERROR] CADModel:125 - Updater not yet initialized, retry later 
2025-09-08 09:27:03,884 [FATAL] Updater:308 - Updater called before beeing initialized
2025-09-08 09:27:04,033 [FATAL] Updater:308 - Updater called before beeing initialized
2025-09-08 09:27:04,046 [INFO] DbMcusAds:53 - JSON generation date=Tue Jul 08 13:44:23 IST 2025 (1751962463582)
2025-09-08 09:27:04,047 [FATAL] Updater:308 - Updater called before beeing initialized
2025-09-08 09:27:04,158 [WARN] DetailPanel:346 - Failed to get advertising image, set to default
2025-09-08 09:27:04,274 [FATAL] Updater:308 - Updater called before beeing initialized
2025-09-08 09:27:04,290 [FATAL] Updater:308 - Updater called before beeing initialized
2025-09-08 09:27:04,290 [FATAL] Updater:308 - Updater called before beeing initialized
2025-09-08 09:27:04,290 [WARN] DetailPanel:346 - Failed to get advertising image, set to default
2025-09-08 09:27:04,291 [FATAL] Updater:308 - Updater called before beeing initialized
2025-09-08 09:27:04,381 [ERROR] Updater:1120 - MainUpdater not yet initialized. External WinMGr cannot be set.
2025-09-08 09:27:04,395 [INFO] Updater:1056 - Updater Version found : 6.10.0
2025-09-08 09:27:04,415 [INFO] ApplicationProperties:184 - Using Application install path: C:\ST\STM32CubeIDE_1.14.0\STM32CubeIDE\plugins\com.st.stm32cube.common.mx_6.10.0.202311202037
2025-09-08 09:27:04,826 [INFO] MainUpdater:2873 - connection check result : 10
2025-09-08 09:27:04,828 [INFO] MainUpdater:290 - Updater Check For Update Now.
2025-09-08 09:27:04,828 [INFO] MicroXplorer:498 - Change Database Version : DB.6.0.100
2025-09-08 09:27:04,852 [INFO] McuFinderGlobals:63 - Set McuFinder mode to 2 (CubeIDE integrated)
2025-09-08 09:27:05,088 [INFO] CheckServerUpdateThread:120 - End of CheckServer Thread
2025-09-08 09:27:05,257 [INFO] UserAuth:404 - Internet connection configuration mode: 1
2025-09-08 09:27:05,292 [INFO] JxBrowserEngine:152 - Initiate JxBrowser Engine with user profile folder
2025-09-08 09:27:07,177 [WARN] PackLoader:240 - Cannot read IP mode file for STMicroelectronics.FP-SNS-MOTENVWB1.1.4.0
2025-09-08 09:27:07,209 [WARN] PackLoader:240 - Cannot read IP mode file for STMicroelectronics.FP-ATR-ASTRA1.2.0.2
2025-09-08 09:27:07,233 [WARN] PackLoader:240 - Cannot read IP mode file for STMicroelectronics.FP-ATR-ASTRA1.2.0.1
2025-09-08 09:27:07,261 [WARN] PackLoader:240 - Cannot read IP mode file for STMicroelectronics.X-CUBE-SMBUS.2.1.0
2025-09-08 09:27:07,294 [WARN] PackLoader:240 - Cannot read IP mode file for STMicroelectronics.X-CUBE-WB05N.1.1.0
2025-09-08 09:27:07,320 [ERROR] Engine:466 - C:\Users\sfkfa\.stm32cubemx\thirdparties\pdsc\STMicroelectronics.X-CUBE-ST60.1.0.0.pdsc: PDSC version is not supported
2025-09-08 09:27:07,352 [WARN] PackLoader:240 - Cannot read IP mode file for STMicroelectronics.X-CUBE-TOUCHGFX.4.23.1
2025-09-08 09:27:07,431 [WARN] PackLoader:240 - Cannot read IP mode file for STMicroelectronics.X-CUBE-AZRTOS-F7.1.1.0
2025-09-08 09:27:07,474 [WARN] PackLoader:240 - Cannot read IP mode file for STMicroelectronics.FP-SNS-MOTENV1.4.3.2
2025-09-08 09:27:07,591 [WARN] PackLoader:240 - Cannot read IP mode file for STMicroelectronics.X-CUBE-MEMS1.11.0.0
2025-09-08 09:27:07,857 [WARN] PackLoader:240 - Cannot read IP mode file for STMicroelectronics.FP-SNS-FLIGHT1.5.0.2
2025-09-08 09:27:07,914 [WARN] PackLoader:240 - Cannot read IP mode file for STMicroelectronics.X-CUBE-AZRTOS-H7.3.4.0
2025-09-08 09:27:07,941 [WARN] PackLoader:240 - Cannot read IP mode file for STMicroelectronics.X-CUBE-DISPLAY.3.0.0
2025-09-08 09:27:07,964 [WARN] PackLoader:240 - Cannot read IP mode file for STMicroelectronics.X-CUBE-BLE1.7.0.0
2025-09-08 09:27:07,990 [WARN] PackLoader:240 - Cannot read IP mode file for STMicroelectronics.X-CUBE-NFC10.1.0.0
2025-09-08 09:27:08,026 [WARN] PackLoader:240 - Cannot read IP mode file for STMicroelectronics.X-CUBE-BLEMGR.4.0.0
2025-09-08 09:27:08,061 [WARN] PackLoader:240 - Cannot read IP mode file for emotas.I-CUBE-CANOPEN.1.3.0
2025-09-08 09:27:08,088 [WARN] PackLoader:240 - Cannot read IP mode file for STMicroelectronics.X-CUBE-BLEMGR.3.1.0
2025-09-08 09:27:08,115 [WARN] PackLoader:240 - Cannot read IP mode file for STMicroelectronics.X-CUBE-AI.10.0.0
2025-09-08 09:27:08,140 [ERROR] Engine:466 - C:\Users\sfkfa\.stm32cubemx\thirdparties\pdsc\STMicroelectronics.FP-SNS-STBOX1.2.1.0.pdsc: PDSC version is not supported
2025-09-08 09:27:08,161 [WARN] PackLoader:240 - Cannot read IP mode file for STMicroelectronics.FP-SNS-SMARTAG2.1.2.0
2025-09-08 09:27:08,179 [ERROR] Engine:466 - C:\Users\sfkfa\.stm32cubemx\thirdparties\pdsc\STMicroelectronics.FP-SNS-FLIGHT1.5.1.0.pdsc: PDSC version is not supported
2025-09-08 09:27:08,241 [WARN] PackLoader:240 - Cannot read IP mode file for STMicroelectronics.X-CUBE-MEMS1.11.1.0
2025-09-08 09:27:08,390 [INFO] LogOutputStream:77 - [STDOUT_REDIRECT] 1 : Invalid condition id : UX_CORESTACK_Condition cause : null
2025-09-08 09:27:08,391 [INFO] LogOutputStream:77 - [STDOUT_REDIRECT] 1 : Invalid condition id : UX_CORESTACK_Condition cause : null
2025-09-08 09:27:08,391 [INFO] LogOutputStream:77 - [STDOUT_REDIRECT] 1 : Invalid condition id : UX_CORESTACK_Condition cause : null
2025-09-08 09:27:08,392 [INFO] LogOutputStream:77 - [STDOUT_REDIRECT] 1 : Invalid condition id : UX_CORESTACK_Condition cause : null
2025-09-08 09:27:08,393 [INFO] LogOutputStream:77 - [STDOUT_REDIRECT] 1 : Invalid condition id : UX_CORESTACK_Condition cause : null
2025-09-08 09:27:08,396 [WARN] PackLoader:240 - Cannot read IP mode file for STMicroelectronics.X-CUBE-AZRTOS-WL.2.0.0
2025-09-08 09:27:08,419 [WARN] PackLoader:240 - Cannot read IP mode file for STMicroelectronics.FP-SNS-MOTENV1.5.0.0
2025-09-08 09:27:08,441 [WARN] PackLoader:240 - Cannot read IP mode file for wolfSSL.I-CUBE-wolfMQTT.1.19.0
2025-09-08 09:27:08,466 [WARN] PackLoader:240 - Cannot read IP mode file for WES.I-CUBE-Cesium.1.3.0
2025-09-08 09:27:08,490 [WARN] PackLoader:240 - Cannot read IP mode file for STMicroelectronics.X-CUBE-BLE2.3.3.0
2025-09-08 09:27:08,512 [WARN] PackLoader:240 - Cannot read IP mode file for STMicroelectronics.X-CUBE-NFC9.1.0.0
2025-09-08 09:27:08,533 [WARN] PackLoader:240 - Cannot read IP mode file for STMicroelectronics.X-CUBE-BLE1.7.1.0
2025-09-08 09:27:08,558 [WARN] PackLoader:240 - Cannot read IP mode file for STMicroelectronics.X-CUBE-TCPP.4.1.0
2025-09-08 09:27:08,585 [WARN] PackLoader:240 - Cannot read IP mode file for STMicroelectronics.X-CUBE-EEPRMA1.5.2.0
2025-09-08 09:27:08,611 [WARN] PackLoader:240 - Cannot read IP mode file for STMicroelectronics.X-CUBE-ALGOBUILD.1.3.0
2025-09-08 09:27:08,695 [WARN] PackLoader:240 - Cannot read IP mode file for STMicroelectronics.X-CUBE-MEMS1.11.2.0
2025-09-08 09:27:08,814 [WARN] PackLoader:240 - Cannot read IP mode file for STMicroelectronics.X-CUBE-AZRTOS-G0.1.1.0
2025-09-08 09:27:08,835 [WARN] PackLoader:240 - Cannot read IP mode file for STMicroelectronics.X-CUBE-SAFEA1.1.2.2
2025-09-08 09:27:08,856 [WARN] PackLoader:240 - Cannot read IP mode file for STMicroelectronics.X-CUBE-NFC4.3.0.0
2025-09-08 09:27:08,879 [WARN] PackLoader:240 - Cannot read IP mode file for EmbeddedOffice.I-CUBE-FS-RTOS.1.0.1
2025-09-08 09:27:08,879 [ERROR] ConditionMgr:805 - Attr not supported : Dmpu
2025-09-08 09:27:08,879 [ERROR] ConditionMgr:805 - Attr not supported : Dmpu
2025-09-08 09:27:08,879 [ERROR] ConditionMgr:805 - Attr not supported : Dmpu
2025-09-08 09:27:08,879 [ERROR] ConditionMgr:805 - Attr not supported : Dmpu
2025-09-08 09:27:08,879 [ERROR] ConditionMgr:805 - Attr not supported : Dmpu
2025-09-08 09:27:08,879 [ERROR] ConditionMgr:805 - Attr not supported : Dmpu
2025-09-08 09:27:08,879 [ERROR] ConditionMgr:805 - Attr not supported : Dmpu
2025-09-08 09:27:08,879 [ERROR] ConditionMgr:805 - Attr not supported : Dmpu
2025-09-08 09:27:08,879 [ERROR] ConditionMgr:805 - Attr not supported : Dmpu
2025-09-08 09:27:08,879 [ERROR] ConditionMgr:805 - Attr not supported : Dmpu
2025-09-08 09:27:08,879 [ERROR] ConditionMgr:805 - Attr not supported : Dmpu
2025-09-08 09:27:08,879 [ERROR] ConditionMgr:805 - Attr not supported : Dmpu
2025-09-08 09:27:08,880 [ERROR] ConditionMgr:805 - Attr not supported : Dmpu
2025-09-08 09:27:08,880 [ERROR] ConditionMgr:805 - Attr not supported : Dmpu
2025-09-08 09:27:08,880 [ERROR] ConditionMgr:805 - Attr not supported : Dmpu
2025-09-08 09:27:08,880 [ERROR] ConditionMgr:805 - Attr not supported : Dmpu
2025-09-08 09:27:08,880 [ERROR] ConditionMgr:805 - Attr not supported : Dmpu
2025-09-08 09:27:08,880 [ERROR] ConditionMgr:805 - Attr not supported : Dmpu
2025-09-08 09:27:08,880 [ERROR] ConditionMgr:805 - Attr not supported : Dmpu
2025-09-08 09:27:08,880 [ERROR] ConditionMgr:805 - Attr not supported : Dmpu
2025-09-08 09:27:08,880 [ERROR] ConditionMgr:805 - Attr not supported : Dmpu
2025-09-08 09:27:08,880 [ERROR] ConditionMgr:805 - Attr not supported : Dmpu
2025-09-08 09:27:08,880 [ERROR] ConditionMgr:805 - Attr not supported : Dmpu
2025-09-08 09:27:08,880 [ERROR] ConditionMgr:805 - Attr not supported : Dmpu
2025-09-08 09:27:08,880 [ERROR] ConditionMgr:805 - Attr not supported : Dmpu
2025-09-08 09:27:08,880 [ERROR] ConditionMgr:805 - Attr not supported : Dmpu
2025-09-08 09:27:08,880 [ERROR] ConditionMgr:805 - Attr not supported : Dmpu
2025-09-08 09:27:08,880 [ERROR] ConditionMgr:805 - Attr not supported : Dmpu
2025-09-08 09:27:08,880 [ERROR] ConditionMgr:805 - Attr not supported : Dmpu
2025-09-08 09:27:08,880 [ERROR] ConditionMgr:805 - Attr not supported : Dmpu
2025-09-08 09:27:08,880 [ERROR] ConditionMgr:805 - Attr not supported : Dmpu
2025-09-08 09:27:08,882 [ERROR] ConditionMgr:805 - Attr not supported : Dmpu
2025-09-08 09:27:08,882 [ERROR] ConditionMgr:805 - Attr not supported : Dmpu
2025-09-08 09:27:08,882 [ERROR] ConditionMgr:805 - Attr not supported : Dmpu
2025-09-08 09:27:08,882 [ERROR] ConditionMgr:805 - Attr not supported : Dmpu
2025-09-08 09:27:08,882 [ERROR] ConditionMgr:805 - Attr not supported : Dmpu
2025-09-08 09:27:08,882 [ERROR] ConditionMgr:805 - Attr not supported : Dmpu
2025-09-08 09:27:08,882 [ERROR] ConditionMgr:805 - Attr not supported : Dmpu
2025-09-08 09:27:08,882 [ERROR] ConditionMgr:805 - Attr not supported : Dmpu
2025-09-08 09:27:08,882 [ERROR] ConditionMgr:805 - Attr not supported : Dmpu
2025-09-08 09:27:08,882 [ERROR] ConditionMgr:805 - Attr not supported : Dmpu
2025-09-08 09:27:08,882 [ERROR] ConditionMgr:805 - Attr not supported : Dmpu
2025-09-08 09:27:08,882 [ERROR] ConditionMgr:805 - Attr not supported : Dmpu
2025-09-08 09:27:08,882 [ERROR] ConditionMgr:805 - Attr not supported : Dmpu
2025-09-08 09:27:08,882 [ERROR] ConditionMgr:805 - Attr not supported : Dmpu
2025-09-08 09:27:08,882 [ERROR] ConditionMgr:805 - Attr not supported : Dmpu
2025-09-08 09:27:08,883 [ERROR] ConditionMgr:805 - Attr not supported : Dmpu
2025-09-08 09:27:08,883 [ERROR] ConditionMgr:805 - Attr not supported : Dmpu
2025-09-08 09:27:08,883 [ERROR] ConditionMgr:805 - Attr not supported : Dmpu
2025-09-08 09:27:08,883 [ERROR] ConditionMgr:805 - Attr not supported : Dmpu
2025-09-08 09:27:08,883 [ERROR] ConditionMgr:805 - Attr not supported : Dmpu
2025-09-08 09:27:08,883 [ERROR] ConditionMgr:805 - Attr not supported : Dmpu
2025-09-08 09:27:08,883 [ERROR] ConditionMgr:805 - Attr not supported : Dmpu
2025-09-08 09:27:08,883 [ERROR] ConditionMgr:805 - Attr not supported : Dmpu
2025-09-08 09:27:08,883 [ERROR] ConditionMgr:805 - Attr not supported : Dmpu
2025-09-08 09:27:08,883 [ERROR] ConditionMgr:805 - Attr not supported : Dmpu
2025-09-08 09:27:08,883 [ERROR] ConditionMgr:805 - Attr not supported : Dmpu
2025-09-08 09:27:08,883 [ERROR] ConditionMgr:805 - Attr not supported : Dmpu
2025-09-08 09:27:08,883 [ERROR] ConditionMgr:805 - Attr not supported : Dmpu
2025-09-08 09:27:08,883 [ERROR] ConditionMgr:805 - Attr not supported : Dmpu
2025-09-08 09:27:08,883 [ERROR] ConditionMgr:805 - Attr not supported : Dmpu
2025-09-08 09:27:08,883 [ERROR] ConditionMgr:805 - Attr not supported : Dmpu
2025-09-08 09:27:08,883 [ERROR] ConditionMgr:805 - Attr not supported : Dmpu
2025-09-08 09:27:08,884 [ERROR] ConditionMgr:805 - Attr not supported : Dmpu
2025-09-08 09:27:08,903 [WARN] PackLoader:240 - Cannot read IP mode file for STMicroelectronics.X-CUBE-WB05N.2.0.0
2025-09-08 09:27:08,924 [WARN] PackLoader:240 - Cannot read IP mode file for STMicroelectronics.X-CUBE-BLEMGR.3.0.0
2025-09-08 09:27:08,943 [ERROR] Engine:466 - C:\Users\sfkfa\.stm32cubemx\thirdparties\pdsc\STMicroelectronics.X-CUBE-TCPP.4.2.0.pdsc: PDSC version is not supported
2025-09-08 09:27:08,967 [WARN] PackLoader:240 - Cannot read IP mode file for RealThread.X-CUBE-RT-Thread_Nano.4.1.1
2025-09-08 09:27:08,985 [WARN] PackLoader:240 - Cannot read IP mode file for wolfSSL.I-CUBE-wolfSSL.5.7.0
2025-09-08 09:27:09,005 [WARN] PackLoader:240 - Cannot read IP mode file for STMicroelectronics.FP-ATR-SIGFOX1.3.2.0
2025-09-08 09:27:09,025 [WARN] ConditionMgr:438 - getConditionDescription Invalid condition id : Cortex-A Device cause : null
2025-09-08 09:27:09,060 [WARN] ConditionMgr:1039 - genDependencies : Invalid condition id : Cortex-A Device cause : null
2025-09-08 09:27:09,060 [WARN] ConditionMgr:1039 - genDependencies : Invalid condition id : Cortex-A Device cause : null
2025-09-08 09:27:09,060 [WARN] ConditionMgr:1039 - genDependencies : Invalid condition id : Cortex-A Device cause : null
2025-09-08 09:27:09,084 [WARN] PackLoader:240 - Cannot read IP mode file for STMicroelectronics.X-CUBE-EEPRMA1.5.1.0
2025-09-08 09:27:09,108 [WARN] PackLoader:240 - Cannot read IP mode file for ITTIA_DB.I-CUBE-ITTIADB.8.9.0
2025-09-08 09:27:09,126 [ERROR] Engine:466 - C:\Users\sfkfa\.stm32cubemx\thirdparties\pdsc\STMicroelectronics.X-CUBE-ST67W61.1.0.0.pdsc: PDSC version is not supported
2025-09-08 09:27:09,145 [WARN] PackLoader:240 - Cannot read IP mode file for STMicroelectronics.X-CUBE-AI.10.2.0
2025-09-08 09:27:09,199 [WARN] PackLoader:240 - Cannot read IP mode file for SEGGER.I-CUBE-embOS.1.3.1
2025-09-08 09:27:09,296 [WARN] PackLoader:240 - Cannot read IP mode file for STMicroelectronics.X-CUBE-ALGOBUILD.1.4.0
2025-09-08 09:27:09,380 [WARN] PackLoader:240 - Cannot read IP mode file for STMicroelectronics.X-CUBE-MEMS1.11.3.0
2025-09-08 09:27:09,529 [WARN] PackLoader:240 - Cannot read IP mode file for STMicroelectronics.X-CUBE-AI.9.1.0
2025-09-08 09:27:09,549 [WARN] PackLoader:240 - Cannot read IP mode file for STMicroelectronics.X-CUBE-PM33A1.1.0.0
2025-09-08 09:27:09,571 [WARN] PackLoader:240 - Cannot read IP mode file for STMicroelectronics.X-CUBE-GNSS1.6.0.0
2025-09-08 09:27:09,606 [WARN] PackLoader:240 - Cannot read IP mode file for STMicroelectronics.X-CUBE-AZRTOS-F4.1.1.0
2025-09-08 09:27:09,623 [ERROR] Engine:466 - C:\Users\sfkfa\.stm32cubemx\thirdparties\pdsc\Avnet-IotConnect.X-CUBE-IoTC-DA16k-PMOD.1.0.0.pdsc: PDSC version is not supported
2025-09-08 09:27:09,644 [WARN] PackLoader:240 - Cannot read IP mode file for STMicroelectronics.X-CUBE-ISPU.2.1.0
2025-09-08 09:27:09,665 [WARN] PackLoader:240 - Cannot read IP mode file for STMicroelectronics.X-CUBE-FREERTOS.1.2.0
2025-09-08 09:27:09,686 [WARN] PackLoader:240 - Cannot read IP mode file for STMicroelectronics.X-CUBE-NFC12.1.0.0
2025-09-08 09:27:09,721 [WARN] PackLoader:240 - Cannot read IP mode file for STMicroelectronics.X-CUBE-AZRTOS-L5.2.0.0
2025-09-08 09:27:09,753 [WARN] PackLoader:240 - Cannot read IP mode file for STMicroelectronics.X-CUBE-NFC6.3.1.0
2025-09-08 09:27:09,780 [WARN] PackLoader:240 - Cannot read IP mode file for STMicroelectronics.X-CUBE-DPower.1.2.0
2025-09-08 09:27:09,802 [WARN] PackLoader:240 - Cannot read IP mode file for STMicroelectronics.X-CUBE-AI.9.0.0
2025-09-08 09:27:09,829 [WARN] PackLoader:240 - Cannot read IP mode file for STMicroelectronics.X-CUBE-FREERTOS.1.3.1
2025-09-08 09:27:09,852 [WARN] PackLoader:240 - Cannot read IP mode file for STMicroelectronics.X-CUBE-FREERTOS.1.3.0
2025-09-08 09:27:09,878 [WARN] PackLoader:240 - Cannot read IP mode file for STMicroelectronics.X-CUBE-NFC7.1.0.1
2025-09-08 09:27:09,967 [ERROR] Engine:466 - C:\Users\sfkfa\.stm32cubemx\thirdparties\pdsc\STMicroelectronics.FP-SNS-STAIOTCFT.1.0.0.pdsc: PDSC version is not supported
2025-09-08 09:27:09,990 [WARN] PackLoader:240 - Cannot read IP mode file for STMicroelectronics.X-CUBE-DPower.1.3.0
2025-09-08 09:27:10,009 [WARN] PackLoader:240 - Cannot read IP mode file for STMicroelectronics.X-CUBE-AI.8.1.0
2025-09-08 09:27:10,056 [WARN] ConditionMgr:438 - getConditionDescription Invalid condition id : LAN8742 Phy interface Condition cause : null
2025-09-08 09:27:10,057 [WARN] PackLoader:240 - Cannot read IP mode file for STMicroelectronics.X-CUBE-AZRTOS-L4.2.0.0
2025-09-08 09:27:10,059 [WARN] ConditionMgr:1039 - genDependencies : Invalid condition id : LAN8742 Phy interface Condition cause : null
2025-09-08 09:27:10,059 [WARN] ConditionMgr:1039 - genDependencies : Invalid condition id : LAN8742 Phy interface Condition cause : null
2025-09-08 09:27:10,060 [WARN] ConditionMgr:1039 - genDependencies : Invalid condition id : LAN8742 Phy interface Condition cause : null
2025-09-08 09:27:10,250 [WARN] PackLoader:240 - Cannot read IP mode file for STMicroelectronics.X-CUBE-SFXS2LP1.4.0.0
2025-09-08 09:27:10,321 [WARN] PackLoader:240 - Cannot read IP mode file for STMicroelectronics.X-CUBE-AZRTOS-H7.3.3.0
2025-09-08 09:27:10,348 [ERROR] Engine:466 - C:\Users\sfkfa\.stm32cubemx\thirdparties\pdsc\STMicroelectronics.X-CUBE-BLEMGR.4.1.0.pdsc: PDSC version is not supported
2025-09-08 09:27:10,384 [WARN] PackLoader:240 - Cannot read IP mode file for STMicroelectronics.X-CUBE-IPS.3.0.0
2025-09-08 09:27:10,428 [WARN] ConditionMgr:438 - getConditionDescription Invalid condition id : UX DEVICE CLASS RTOS Condition cause : null
2025-09-08 09:27:10,429 [WARN] ConditionMgr:438 - getConditionDescription Invalid condition id : UX DEVICE CLASS RTOS Condition cause : null
2025-09-08 09:27:10,431 [WARN] PackLoader:240 - Cannot read IP mode file for STMicroelectronics.X-CUBE-AZRTOS-WB.2.0.0
2025-09-08 09:27:10,432 [WARN] ConditionMgr:1039 - genDependencies : Invalid condition id : UX DEVICE CLASS RTOS Condition cause : null
2025-09-08 09:27:10,432 [WARN] ConditionMgr:1039 - genDependencies : Invalid condition id : UX DEVICE CLASS RTOS Condition cause : null
2025-09-08 09:27:10,432 [WARN] ConditionMgr:1039 - genDependencies : Invalid condition id : UX DEVICE CLASS RTOS Condition cause : null
2025-09-08 09:27:10,433 [WARN] ConditionMgr:1039 - genDependencies : Invalid condition id : UX DEVICE CLASS RTOS Condition cause : null
2025-09-08 09:27:10,433 [WARN] ConditionMgr:1039 - genDependencies : Invalid condition id : UX DEVICE CLASS RTOS Condition cause : null
2025-09-08 09:27:10,464 [WARN] PackLoader:240 - Cannot read IP mode file for STMicroelectronics.X-CUBE-GNSS1.7.0.0
2025-09-08 09:27:10,494 [WARN] PackLoader:240 - Cannot read IP mode file for STMicroelectronics.X-CUBE-GNSS1.7.0.1
2025-09-08 09:27:10,522 [WARN] PackLoader:240 - Cannot read IP mode file for STMicroelectronics.X-CUBE-TOUCHGFX.4.25.0
2025-09-08 09:27:10,554 [WARN] PackLoader:240 - Cannot read IP mode file for STMicroelectronics.FP-SNS-STBOX1.2.0.0
2025-09-08 09:27:10,662 [WARN] PackLoader:240 - Cannot read IP mode file for STMicroelectronics.X-CUBE-SUBG2.5.0.0
2025-09-08 09:27:10,731 [WARN] PackLoader:240 - Cannot read IP mode file for STMicroelectronics.X-CUBE-AZRTOS-H7RS.1.1.0
2025-09-08 09:27:10,899 [WARN] PackLoader:240 - Cannot read IP mode file for Cesanta.I-CUBE-Mongoose.7.13.0
2025-09-08 09:27:10,954 [WARN] PackLoader:240 - Cannot read IP mode file for STMicroelectronics.X-CUBE-AZRTOS-G4.2.0.0
2025-09-08 09:27:10,981 [WARN] PackLoader:240 - Cannot read IP mode file for STMicroelectronics.X-CUBE-NFC7.2.0.0
2025-09-08 09:27:11,009 [WARN] PackLoader:240 - Cannot read IP mode file for STMicroelectronics.FP-SNS-MOTENVWB1.1.3.1
2025-09-08 09:27:11,037 [WARN] PackLoader:240 - Cannot read IP mode file for STMicroelectronics.X-CUBE-ISPU.2.0.0
2025-09-08 09:27:11,065 [ERROR] Engine:466 - C:\Users\sfkfa\.stm32cubemx\thirdparties\pdsc\STMicroelectronics.X-CUBE-IPS.3.1.0.pdsc: PDSC version is not supported
2025-09-08 09:27:11,087 [WARN] PackLoader:240 - Cannot read IP mode file for STMicroelectronics.X-CUBE-ALS.1.0.2
2025-09-08 09:27:11,150 [WARN] PackLoader:240 - Cannot read IP mode file for STMicroelectronics.X-CUBE-MEMS1.10.0.0
2025-09-08 09:27:11,214 [INFO] WebApp:161 - Instantiating new browser for Auth
2025-09-08 09:27:11,267 [WARN] PackLoader:240 - Cannot read IP mode file for STMicroelectronics.X-CUBE-FREERTOS.1.1.0
2025-09-08 09:27:11,301 [WARN] PackLoader:240 - Cannot read IP mode file for STMicroelectronics.X-CUBE-TOUCHGFX.4.24.0
2025-09-08 09:27:11,327 [WARN] PackLoader:240 - Cannot read IP mode file for STMicroelectronics.X-CUBE-TOUCHGFX.4.24.2
2025-09-08 09:27:11,349 [WARN] PackLoader:240 - Cannot read IP mode file for STMicroelectronics.X-CUBE-TOUCHGFX.4.24.1
2025-09-08 09:27:11,379 [WARN] PackLoader:240 - Cannot read IP mode file for wolfSSL.I-CUBE-wolfTPM.3.4.0
2025-09-08 09:27:11,411 [WARN] PackLoader:240 - Cannot read IP mode file for portGmbH.I-Cube-SoM-uGOAL.1.1.0
2025-09-08 09:27:11,435 [WARN] PackLoader:240 - Cannot read IP mode file for STMicroelectronics.X-CUBE-ALS.1.0.1
2025-09-08 09:27:11,472 [WARN] PackLoader:240 - Cannot read IP mode file for STMicroelectronics.X-CUBE-AZRTOS-H7RS.1.0.0
2025-09-08 09:27:11,497 [WARN] PackLoader:240 - Cannot read IP mode file for STMicroelectronics.FP-ATR-ASTRA1.2.0.0
2025-09-08 09:27:11,531 [WARN] PackLoader:240 - Cannot read IP mode file for STMicroelectronics.X-CUBE-TOF1.3.4.2
2025-09-08 09:27:11,576 [ERROR] Engine:466 - C:\Users\sfkfa\.stm32cubemx\thirdparties\pdsc\STMicroelectronics.X-CUBE-TOF1.3.4.3.pdsc: PDSC version is not supported
2025-09-08 09:27:11,614 [WARN] PackLoader:240 - Cannot read IP mode file for STMicroelectronics.X-CUBE-TOF1.3.4.1
2025-09-08 09:27:11,664 [WARN] PackLoader:240 - Cannot read IP mode file for STMicroelectronics.X-CUBE-AZRTOS-H7.3.2.0
2025-09-08 09:27:11,709 [WARN] PackLoader:240 - Cannot read IP mode file for Infineon.AIROC-Wi-Fi-Bluetooth-STM32.1.6.0
2025-09-08 09:27:11,734 [WARN] PackLoader:240 - Cannot read IP mode file for wolfSSL.I-CUBE-wolfSSH.1.4.17
2025-09-08 09:27:11,736 [INFO] ThirdParty:978 - Integrity check success = true
2025-09-08 09:27:11,736 [INFO] IntegrityCheckThread:100 - exiting critical section [integrity check]
2025-09-08 09:27:11,736 [INFO] IntegrityCheckThread:103 - End integrity checks thread
2025-09-08 09:27:12,138 [INFO] WebApp:780 - Register for checkConnection events
2025-09-08 09:27:12,139 [INFO] WebApp:414 - Apply proxy settings
2025-09-08 09:27:12,139 [INFO] WebApp:499 - Chromium requires no authentication
2025-09-08 09:27:12,148 [INFO] WebApp:442 - Direct internet connection detected
2025-09-08 09:27:12,347 [INFO] WebApp:192 - Starting web application
2025-09-08 09:27:12,348 [INFO] WebApp:544 - Web application path used C:\ST\STM32CubeIDE_1.14.0\STM32CubeIDE\plugins\com.st.stm32cube.common.mx_6.10.0.202311202037\db\plugins\mcufinder\reactClient1\index.html
2025-09-08 09:27:33,546 [ERROR] LogOutputStream:75 - [STDERR_REDIRECT] SLF4J: Failed to load class "org.slf4j.impl.StaticLoggerBinder".
2025-09-08 09:27:33,546 [ERROR] LogOutputStream:75 - [STDERR_REDIRECT] SLF4J: Defaulting to no-operation (NOP) logger implementation
2025-09-08 09:27:33,547 [ERROR] LogOutputStream:75 - [STDERR_REDIRECT] SLF4J: See http://www.slf4j.org/codes.html#StaticLoggerBinder for further details.
